
2025/01/08 (21:55:29) | ===> btop++ v.1.4.0
2025/01/08 (21:55:29) | WARNING: ROCm SMI: Failed to get maximum GPU power draw, defaulting to 225W
2025/01/08 (21:55:29) | WARNING: ROCm SMI: Failed to get maximum GPU temperature, defaulting to 110°C
2025/01/08 (21:55:29) | WARNING: ROCm SMI: Failed to get VRAM utilization
2025/01/08 (21:55:29) | WARNING: ROCm SMI: Failed to get PCIe throughput

2025/01/08 (21:58:24) | ===> btop++ v.1.4.0
2025/01/08 (21:58:24) | WARNING: ROCm SMI: Failed to get maximum GPU power draw, defaulting to 225W
2025/01/08 (21:58:24) | WARNING: ROCm SMI: Failed to get maximum GPU temperature, defaulting to 110°C
2025/01/08 (21:58:24) | WARNING: ROCm SMI: Failed to get VRAM utilization
2025/01/08 (21:58:24) | WARNING: ROCm SMI: Failed to get PCIe throughput

2025/01/08 (22:15:56) | ===> btop++ v.1.4.0
2025/01/08 (22:15:56) | WARNING: ROCm SMI: Failed to get maximum GPU power draw, defaulting to 225W
2025/01/08 (22:15:56) | WARNING: ROCm SMI: Failed to get maximum GPU temperature, defaulting to 110°C
2025/01/08 (22:15:56) | WARNING: ROCm SMI: Failed to get VRAM utilization
2025/01/08 (22:15:56) | WARNING: ROCm SMI: Failed to get PCIe throughput

2025/01/08 (22:16:27) | ===> btop++ v.1.4.0
2025/01/08 (22:16:27) | WARNING: ROCm SMI: Failed to get maximum GPU power draw, defaulting to 225W
2025/01/08 (22:16:27) | WARNING: ROCm SMI: Failed to get maximum GPU temperature, defaulting to 110°C
2025/01/08 (22:16:27) | WARNING: ROCm SMI: Failed to get VRAM utilization
2025/01/08 (22:16:27) | WARNING: ROCm SMI: Failed to get PCIe throughput

2025/01/08 (22:16:27) | ===> btop++ v.1.4.0
2025/01/08 (22:16:27) | WARNING: ROCm SMI: Failed to get maximum GPU power draw, defaulting to 225W
2025/01/08 (22:16:27) | WARNING: ROCm SMI: Failed to get maximum GPU temperature, defaulting to 110°C
2025/01/08 (22:16:27) | WARNING: ROCm SMI: Failed to get VRAM utilization
2025/01/08 (22:16:27) | WARNING: ROCm SMI: Failed to get PCIe throughput

2025/01/08 (22:16:29) | ===> btop++ v.1.4.0
2025/01/08 (22:16:29) | WARNING: ROCm SMI: Failed to get maximum GPU power draw, defaulting to 225W
2025/01/08 (22:16:29) | WARNING: ROCm SMI: Failed to get maximum GPU temperature, defaulting to 110°C
2025/01/08 (22:16:29) | WARNING: ROCm SMI: Failed to get VRAM utilization
2025/01/08 (22:16:29) | WARNING: ROCm SMI: Failed to get PCIe throughput

2025/01/08 (22:35:45) | ===> btop++ v.1.4.0
2025/01/08 (22:35:45) | WARNING: ROCm SMI: Failed to get maximum GPU power draw, defaulting to 225W
2025/01/08 (22:35:45) | WARNING: ROCm SMI: Failed to get maximum GPU temperature, defaulting to 110°C
2025/01/08 (22:35:45) | WARNING: ROCm SMI: Failed to get VRAM utilization
2025/01/08 (22:35:45) | WARNING: ROCm SMI: Failed to get PCIe throughput

2025/01/08 (22:41:03) | ===> btop++ v.1.4.0
2025/01/08 (22:41:03) | WARNING: ROCm SMI: Failed to get maximum GPU power draw, defaulting to 225W
2025/01/08 (22:41:03) | WARNING: ROCm SMI: Failed to get maximum GPU temperature, defaulting to 110°C
2025/01/08 (22:41:03) | WARNING: ROCm SMI: Failed to get VRAM utilization
2025/01/08 (22:41:03) | WARNING: ROCm SMI: Failed to get PCIe throughput

2025/01/08 (22:49:02) | ===> btop++ v.1.4.0
2025/01/08 (22:49:02) | WARNING: ROCm SMI: Failed to get maximum GPU power draw, defaulting to 225W
2025/01/08 (22:49:02) | WARNING: ROCm SMI: Failed to get maximum GPU temperature, defaulting to 110°C
2025/01/08 (22:49:02) | WARNING: ROCm SMI: Failed to get VRAM utilization
2025/01/08 (22:49:02) | WARNING: ROCm SMI: Failed to get PCIe throughput

2025/01/08 (23:24:12) | ===> btop++ v.1.4.0
2025/01/08 (23:24:12) | WARNING: ROCm SMI: Failed to get maximum GPU power draw, defaulting to 225W
2025/01/08 (23:24:12) | WARNING: ROCm SMI: Failed to get maximum GPU temperature, defaulting to 110°C
2025/01/08 (23:24:12) | WARNING: ROCm SMI: Failed to get VRAM utilization
2025/01/08 (23:24:12) | WARNING: ROCm SMI: Failed to get PCIe throughput

2025/01/08 (23:25:15) | ===> btop++ v.1.4.0
2025/01/08 (23:25:15) | WARNING: ROCm SMI: Failed to get maximum GPU power draw, defaulting to 225W
2025/01/08 (23:25:15) | WARNING: ROCm SMI: Failed to get maximum GPU temperature, defaulting to 110°C
2025/01/08 (23:25:15) | WARNING: ROCm SMI: Failed to get VRAM utilization
2025/01/08 (23:25:15) | WARNING: ROCm SMI: Failed to get PCIe throughput

2025/01/08 (23:29:22) | ===> btop++ v.1.4.0
2025/01/08 (23:29:22) | WARNING: ROCm SMI: Failed to get maximum GPU power draw, defaulting to 225W
2025/01/08 (23:29:22) | WARNING: ROCm SMI: Failed to get maximum GPU temperature, defaulting to 110°C
2025/01/08 (23:29:22) | WARNING: ROCm SMI: Failed to get VRAM utilization
2025/01/08 (23:29:22) | WARNING: ROCm SMI: Failed to get PCIe throughput

2025/01/11 (01:34:08) | ===> btop++ v.1.4.0
2025/01/11 (01:34:08) | WARNING: ROCm SMI: Failed to get maximum GPU power draw, defaulting to 225W
2025/01/11 (01:34:08) | WARNING: ROCm SMI: Failed to get maximum GPU temperature, defaulting to 110°C
2025/01/11 (01:34:08) | WARNING: ROCm SMI: Failed to get VRAM utilization
2025/01/11 (01:34:08) | WARNING: ROCm SMI: Failed to get PCIe throughput

2025/01/11 (01:36:00) | ===> btop++ v.1.4.0
2025/01/11 (01:36:00) | WARNING: ROCm SMI: Failed to get maximum GPU power draw, defaulting to 225W
2025/01/11 (01:36:00) | WARNING: ROCm SMI: Failed to get maximum GPU temperature, defaulting to 110°C
2025/01/11 (01:36:00) | WARNING: ROCm SMI: Failed to get VRAM utilization
2025/01/11 (01:36:00) | WARNING: ROCm SMI: Failed to get PCIe throughput

2025/01/11 (06:39:57) | ===> btop++ v.1.4.0
2025/01/11 (06:39:57) | WARNING: ROCm SMI: Failed to get maximum GPU power draw, defaulting to 225W
2025/01/11 (06:39:57) | WARNING: ROCm SMI: Failed to get maximum GPU temperature, defaulting to 110°C
2025/01/11 (06:39:57) | WARNING: ROCm SMI: Failed to get VRAM utilization
2025/01/11 (06:39:57) | WARNING: ROCm SMI: Failed to get PCIe throughput

2025/01/11 (07:50:11) | ===> btop++ v.1.4.0
2025/01/11 (07:50:11) | WARNING: ROCm SMI: Failed to get maximum GPU power draw, defaulting to 225W
2025/01/11 (07:50:11) | WARNING: ROCm SMI: Failed to get maximum GPU temperature, defaulting to 110°C
2025/01/11 (07:50:11) | WARNING: ROCm SMI: Failed to get VRAM utilization
2025/01/11 (07:50:11) | WARNING: ROCm SMI: Failed to get PCIe throughput

2025/01/12 (17:45:35) | ===> btop++ v.1.4.0
2025/01/12 (17:45:35) | WARNING: ROCm SMI: Failed to get maximum GPU power draw, defaulting to 225W
2025/01/12 (17:45:35) | WARNING: ROCm SMI: Failed to get maximum GPU temperature, defaulting to 110°C
2025/01/12 (17:45:35) | WARNING: ROCm SMI: Failed to get VRAM utilization
2025/01/12 (17:45:35) | WARNING: ROCm SMI: Failed to get PCIe throughput

2025/01/13 (07:06:15) | ===> btop++ v.1.4.0
2025/01/13 (07:06:15) | WARNING: ROCm SMI: Failed to get maximum GPU power draw, defaulting to 225W
2025/01/13 (07:06:15) | WARNING: ROCm SMI: Failed to get maximum GPU temperature, defaulting to 110°C
2025/01/13 (07:06:15) | WARNING: ROCm SMI: Failed to get VRAM utilization
2025/01/13 (07:06:15) | WARNING: ROCm SMI: Failed to get PCIe throughput

2025/01/13 (19:26:18) | ===> btop++ v.1.4.0
2025/01/13 (19:26:18) | WARNING: ROCm SMI: Failed to get maximum GPU power draw, defaulting to 225W
2025/01/13 (19:26:18) | WARNING: ROCm SMI: Failed to get maximum GPU temperature, defaulting to 110°C
2025/01/13 (19:26:18) | WARNING: ROCm SMI: Failed to get VRAM utilization
2025/01/13 (19:26:18) | WARNING: ROCm SMI: Failed to get PCIe throughput

2025/01/13 (19:34:49) | ===> btop++ v.1.4.0
2025/01/13 (19:34:49) | WARNING: ROCm SMI: Failed to get maximum GPU power draw, defaulting to 225W
2025/01/13 (19:34:49) | WARNING: ROCm SMI: Failed to get maximum GPU temperature, defaulting to 110°C
2025/01/13 (19:34:49) | WARNING: ROCm SMI: Failed to get VRAM utilization
2025/01/13 (19:34:49) | WARNING: ROCm SMI: Failed to get PCIe throughput

2025/01/13 (19:47:44) | ===> btop++ v.1.4.0
2025/01/13 (19:47:44) | WARNING: ROCm SMI: Failed to get maximum GPU power draw, defaulting to 225W
2025/01/13 (19:47:44) | WARNING: ROCm SMI: Failed to get maximum GPU temperature, defaulting to 110°C
2025/01/13 (19:47:44) | WARNING: ROCm SMI: Failed to get VRAM utilization
2025/01/13 (19:47:44) | WARNING: ROCm SMI: Failed to get PCIe throughput

2025/01/13 (20:02:28) | ===> btop++ v.1.4.0
2025/01/13 (20:02:28) | WARNING: ROCm SMI: Failed to get maximum GPU power draw, defaulting to 225W
2025/01/13 (20:02:28) | WARNING: ROCm SMI: Failed to get maximum GPU temperature, defaulting to 110°C
2025/01/13 (20:02:28) | WARNING: ROCm SMI: Failed to get VRAM utilization
2025/01/13 (20:02:28) | WARNING: ROCm SMI: Failed to get PCIe throughput

2025/01/13 (20:07:11) | ===> btop++ v.1.4.0
2025/01/13 (20:07:11) | WARNING: ROCm SMI: Failed to get maximum GPU power draw, defaulting to 225W
2025/01/13 (20:07:11) | WARNING: ROCm SMI: Failed to get maximum GPU temperature, defaulting to 110°C
2025/01/13 (20:07:11) | WARNING: ROCm SMI: Failed to get VRAM utilization
2025/01/13 (20:07:11) | WARNING: ROCm SMI: Failed to get PCIe throughput

2025/01/13 (20:11:19) | ===> btop++ v.1.4.0
2025/01/13 (20:11:19) | WARNING: ROCm SMI: Failed to get maximum GPU power draw, defaulting to 225W
2025/01/13 (20:11:19) | WARNING: ROCm SMI: Failed to get maximum GPU temperature, defaulting to 110°C
2025/01/13 (20:11:19) | WARNING: ROCm SMI: Failed to get VRAM utilization
2025/01/13 (20:11:19) | WARNING: ROCm SMI: Failed to get PCIe throughput

2025/01/13 (20:16:49) | ===> btop++ v.1.4.0
2025/01/13 (20:16:49) | WARNING: ROCm SMI: Failed to get maximum GPU power draw, defaulting to 225W
2025/01/13 (20:16:49) | WARNING: ROCm SMI: Failed to get maximum GPU temperature, defaulting to 110°C
2025/01/13 (20:16:49) | WARNING: ROCm SMI: Failed to get VRAM utilization
2025/01/13 (20:16:49) | WARNING: ROCm SMI: Failed to get PCIe throughput

2025/01/13 (20:31:00) | ===> btop++ v.1.4.0
2025/01/13 (20:31:00) | WARNING: ROCm SMI: Failed to get maximum GPU power draw, defaulting to 225W
2025/01/13 (20:31:00) | WARNING: ROCm SMI: Failed to get maximum GPU temperature, defaulting to 110°C
2025/01/13 (20:31:00) | WARNING: ROCm SMI: Failed to get VRAM utilization
2025/01/13 (20:31:00) | WARNING: ROCm SMI: Failed to get PCIe throughput

2025/01/14 (14:35:26) | ===> btop++ v.1.4.0
2025/01/14 (14:35:26) | WARNING: ROCm SMI: Failed to get maximum GPU power draw, defaulting to 225W
2025/01/14 (14:35:26) | WARNING: ROCm SMI: Failed to get maximum GPU temperature, defaulting to 110°C
2025/01/14 (14:35:26) | WARNING: ROCm SMI: Failed to get VRAM utilization
2025/01/14 (14:35:26) | WARNING: ROCm SMI: Failed to get PCIe throughput

2025/01/16 (19:14:07) | ===> btop++ v.1.4.0
2025/01/16 (19:14:07) | WARNING: ROCm SMI: Failed to get maximum GPU power draw, defaulting to 225W
2025/01/16 (19:14:07) | WARNING: ROCm SMI: Failed to get maximum GPU temperature, defaulting to 110°C
2025/01/16 (19:14:07) | WARNING: ROCm SMI: Failed to get VRAM utilization
2025/01/16 (19:14:07) | WARNING: ROCm SMI: Failed to get PCIe throughput

2025/01/16 (19:15:13) | ===> btop++ v.1.4.0
2025/01/16 (19:15:13) | WARNING: ROCm SMI: Failed to get maximum GPU power draw, defaulting to 225W
2025/01/16 (19:15:13) | WARNING: ROCm SMI: Failed to get maximum GPU temperature, defaulting to 110°C
2025/01/16 (19:15:13) | WARNING: ROCm SMI: Failed to get VRAM utilization
2025/01/16 (19:15:13) | WARNING: ROCm SMI: Failed to get PCIe throughput

2025/01/16 (22:41:47) | ===> btop++ v.1.4.0
2025/01/16 (22:41:47) | WARNING: ROCm SMI: Failed to get maximum GPU power draw, defaulting to 225W
2025/01/16 (22:41:47) | WARNING: ROCm SMI: Failed to get maximum GPU temperature, defaulting to 110°C
2025/01/16 (22:41:47) | WARNING: ROCm SMI: Failed to get VRAM utilization
2025/01/16 (22:41:47) | WARNING: ROCm SMI: Failed to get PCIe throughput

2025/01/17 (23:31:23) | ===> btop++ v.1.4.0
2025/01/17 (23:31:23) | WARNING: ROCm SMI: Failed to get maximum GPU power draw, defaulting to 225W
2025/01/17 (23:31:23) | WARNING: ROCm SMI: Failed to get maximum GPU temperature, defaulting to 110°C
2025/01/17 (23:31:23) | WARNING: ROCm SMI: Failed to get VRAM utilization
2025/01/17 (23:31:23) | WARNING: ROCm SMI: Failed to get PCIe throughput

2025/01/26 (03:28:59) | ===> btop++ v.1.4.0
2025/01/26 (03:28:59) | WARNING: ROCm SMI: Failed to get maximum GPU power draw, defaulting to 225W
2025/01/26 (03:28:59) | WARNING: ROCm SMI: Failed to get maximum GPU temperature, defaulting to 110°C
2025/01/26 (03:28:59) | WARNING: ROCm SMI: Failed to get VRAM utilization
2025/01/26 (03:28:59) | WARNING: ROCm SMI: Failed to get PCIe throughput

2025/01/31 (20:45:17) | ===> btop++ v.1.4.0
2025/01/31 (20:45:17) | WARNING: ROCm SMI: Failed to get maximum GPU power draw, defaulting to 225W
2025/01/31 (20:45:17) | WARNING: ROCm SMI: Failed to get maximum GPU temperature, defaulting to 110°C
2025/01/31 (20:45:17) | WARNING: ROCm SMI: Failed to get VRAM utilization
2025/01/31 (20:45:17) | WARNING: ROCm SMI: Failed to get PCIe throughput
2025/01/31 (20:45:48) | ERROR: Invalid RGB decimal value: "dedede"
2025/01/31 (20:46:32) | ERROR: Invalid RGB decimal value: "dedede"

2025/01/31 (20:48:07) | ===> btop++ v.1.4.0
2025/01/31 (20:48:07) | WARNING: ROCm SMI: Failed to get maximum GPU power draw, defaulting to 225W
2025/01/31 (20:48:07) | WARNING: ROCm SMI: Failed to get maximum GPU temperature, defaulting to 110°C
2025/01/31 (20:48:07) | WARNING: ROCm SMI: Failed to get VRAM utilization
2025/01/31 (20:48:07) | WARNING: ROCm SMI: Failed to get PCIe throughput

2025/01/31 (20:48:37) | ===> btop++ v.1.4.0
2025/01/31 (20:48:37) | WARNING: ROCm SMI: Failed to get maximum GPU power draw, defaulting to 225W
2025/01/31 (20:48:37) | WARNING: ROCm SMI: Failed to get maximum GPU temperature, defaulting to 110°C
2025/01/31 (20:48:37) | WARNING: ROCm SMI: Failed to get VRAM utilization
2025/01/31 (20:48:37) | WARNING: ROCm SMI: Failed to get PCIe throughput

2025/01/31 (20:49:46) | ===> btop++ v.1.4.0
2025/01/31 (20:49:46) | WARNING: ROCm SMI: Failed to get maximum GPU power draw, defaulting to 225W
2025/01/31 (20:49:46) | WARNING: ROCm SMI: Failed to get maximum GPU temperature, defaulting to 110°C
2025/01/31 (20:49:46) | WARNING: ROCm SMI: Failed to get VRAM utilization
2025/01/31 (20:49:46) | WARNING: ROCm SMI: Failed to get PCIe throughput

2025/01/31 (20:50:51) | ===> btop++ v.1.4.0
2025/01/31 (20:50:51) | WARNING: ROCm SMI: Failed to get maximum GPU power draw, defaulting to 225W
2025/01/31 (20:50:51) | WARNING: ROCm SMI: Failed to get maximum GPU temperature, defaulting to 110°C
2025/01/31 (20:50:51) | WARNING: ROCm SMI: Failed to get VRAM utilization
2025/01/31 (20:50:51) | WARNING: ROCm SMI: Failed to get PCIe throughput

2025/01/31 (20:52:32) | ===> btop++ v.1.4.0
2025/01/31 (20:52:32) | WARNING: ROCm SMI: Failed to get maximum GPU power draw, defaulting to 225W
2025/01/31 (20:52:32) | WARNING: ROCm SMI: Failed to get maximum GPU temperature, defaulting to 110°C
2025/01/31 (20:52:32) | WARNING: ROCm SMI: Failed to get VRAM utilization
2025/01/31 (20:52:32) | WARNING: ROCm SMI: Failed to get PCIe throughput

2025/01/31 (23:17:25) | ===> btop++ v.1.4.0
2025/01/31 (23:17:25) | WARNING: ROCm SMI: Failed to get maximum GPU power draw, defaulting to 225W
2025/01/31 (23:17:25) | WARNING: ROCm SMI: Failed to get maximum GPU temperature, defaulting to 110°C
2025/01/31 (23:17:25) | WARNING: ROCm SMI: Failed to get VRAM utilization
2025/01/31 (23:17:25) | WARNING: ROCm SMI: Failed to get PCIe throughput

2025/02/01 (03:10:10) | ===> btop++ v.1.4.0
2025/02/01 (03:10:10) | WARNING: ROCm SMI: Failed to get maximum GPU power draw, defaulting to 225W
2025/02/01 (03:10:10) | WARNING: ROCm SMI: Failed to get maximum GPU temperature, defaulting to 110°C
2025/02/01 (03:10:10) | WARNING: ROCm SMI: Failed to get VRAM utilization
2025/02/01 (03:10:10) | WARNING: ROCm SMI: Failed to get PCIe throughput

2025/02/02 (20:11:36) | ===> btop++ v.1.4.0
2025/02/02 (20:11:36) | WARNING: ROCm SMI: Failed to get maximum GPU power draw, defaulting to 225W
2025/02/02 (20:11:36) | WARNING: ROCm SMI: Failed to get maximum GPU temperature, defaulting to 110°C
2025/02/02 (20:11:36) | WARNING: ROCm SMI: Failed to get VRAM utilization
2025/02/02 (20:11:36) | WARNING: ROCm SMI: Failed to get PCIe throughput

2025/02/03 (22:20:38) | ===> btop++ v.1.4.0
2025/02/03 (22:20:38) | WARNING: ROCm SMI: Failed to get maximum GPU power draw, defaulting to 225W
2025/02/03 (22:20:38) | WARNING: ROCm SMI: Failed to get maximum GPU temperature, defaulting to 110°C
2025/02/03 (22:20:38) | WARNING: ROCm SMI: Failed to get VRAM utilization
2025/02/03 (22:20:38) | WARNING: ROCm SMI: Failed to get PCIe throughput

2025/02/03 (23:08:59) | ===> btop++ v.1.4.0
2025/02/03 (23:08:59) | WARNING: ROCm SMI: Failed to get maximum GPU power draw, defaulting to 225W
2025/02/03 (23:08:59) | WARNING: ROCm SMI: Failed to get maximum GPU temperature, defaulting to 110°C
2025/02/03 (23:08:59) | WARNING: ROCm SMI: Failed to get VRAM utilization
2025/02/03 (23:08:59) | WARNING: ROCm SMI: Failed to get PCIe throughput

2025/02/03 (23:54:09) | ===> btop++ v.1.4.0
2025/02/03 (23:54:09) | WARNING: ROCm SMI: Failed to get maximum GPU power draw, defaulting to 225W
2025/02/03 (23:54:09) | WARNING: ROCm SMI: Failed to get maximum GPU temperature, defaulting to 110°C
2025/02/03 (23:54:09) | WARNING: ROCm SMI: Failed to get VRAM utilization
2025/02/03 (23:54:09) | WARNING: ROCm SMI: Failed to get PCIe throughput

2025/02/04 (01:51:18) | ===> btop++ v.1.4.0
2025/02/04 (01:51:18) | WARNING: ROCm SMI: Failed to get maximum GPU power draw, defaulting to 225W
2025/02/04 (01:51:18) | WARNING: ROCm SMI: Failed to get maximum GPU temperature, defaulting to 110°C
2025/02/04 (01:51:18) | WARNING: ROCm SMI: Failed to get VRAM utilization
2025/02/04 (01:51:18) | WARNING: ROCm SMI: Failed to get PCIe throughput
